INFO:root:Starting Panda Picks
INFO:root:Dropping Tables
INFO:root:Creating Tables
INFO:root:Starting PFF Grades
INFO:root:Done PFF Grades
INFO:root:Starting Advanced Stats
INFO:root:Done Advanced Stats
INFO:root:Creating Spread Info
DEBUG:urllib3.connectionpool:Starting new HTTPS connection (1): www.pff.com:443
DEBUG:urllib3.connectionpool:https://www.pff.com:443 "GET /api/scoreboard/ticker?league=nfl&season=2025&week=1 HTTP/1.1" 200 None
DEBUG:urllib3.connectionpool:Starting new HTTPS connection (1): www.pff.com:443
DEBUG:urllib3.connectionpool:https://www.pff.com:443 "GET /api/scoreboard/ticker?league=nfl&season=2025&week=2 HTTP/1.1" 200 None
DEBUG:urllib3.connectionpool:Starting new HTTPS connection (1): www.pff.com:443
DEBUG:urllib3.connectionpool:https://www.pff.com:443 "GET /api/scoreboard/ticker?league=nfl&season=2025&week=3 HTTP/1.1" 200 None
DEBUG:urllib3.connectionpool:Starting new HTTPS connection (1): www.pff.com:443
DEBUG:urllib3.connectionpool:https://www.pff.com:443 "GET /api/scoreboard/ticker?league=nfl&season=2025&week=4 HTTP/1.1" 200 None
DEBUG:urllib3.connectionpool:Starting new HTTPS connection (1): www.pff.com:443
DEBUG:urllib3.connectionpool:https://www.pff.com:443 "GET /api/scoreboard/ticker?league=nfl&season=2025&week=5 HTTP/1.1" 200 None
DEBUG:urllib3.connectionpool:Starting new HTTPS connection (1): www.pff.com:443
DEBUG:urllib3.connectionpool:https://www.pff.com:443 "GET /api/scoreboard/ticker?league=nfl&season=2025&week=6 HTTP/1.1" 200 None
DEBUG:urllib3.connectionpool:Starting new HTTPS connection (1): www.pff.com:443
DEBUG:urllib3.connectionpool:https://www.pff.com:443 "GET /api/scoreboard/ticker?league=nfl&season=2025&week=7 HTTP/1.1" 200 None
DEBUG:urllib3.connectionpool:Starting new HTTPS connection (1): www.pff.com:443
DEBUG:urllib3.connectionpool:https://www.pff.com:443 "GET /api/scoreboard/ticker?league=nfl&season=2025&week=8 HTTP/1.1" 200 None
DEBUG:urllib3.connectionpool:Starting new HTTPS connection (1): www.pff.com:443
DEBUG:urllib3.connectionpool:https://www.pff.com:443 "GET /api/scoreboard/ticker?league=nfl&season=2025&week=9 HTTP/1.1" 200 None
DEBUG:urllib3.connectionpool:Starting new HTTPS connection (1): www.pff.com:443
DEBUG:urllib3.connectionpool:https://www.pff.com:443 "GET /api/scoreboard/ticker?league=nfl&season=2025&week=10 HTTP/1.1" 200 None
DEBUG:urllib3.connectionpool:Starting new HTTPS connection (1): www.pff.com:443
DEBUG:urllib3.connectionpool:https://www.pff.com:443 "GET /api/scoreboard/ticker?league=nfl&season=2025&week=11 HTTP/1.1" 200 None
DEBUG:urllib3.connectionpool:Starting new HTTPS connection (1): www.pff.com:443
DEBUG:urllib3.connectionpool:https://www.pff.com:443 "GET /api/scoreboard/ticker?league=nfl&season=2025&week=12 HTTP/1.1" 200 None
DEBUG:urllib3.connectionpool:Starting new HTTPS connection (1): www.pff.com:443
DEBUG:urllib3.connectionpool:https://www.pff.com:443 "GET /api/scoreboard/ticker?league=nfl&season=2025&week=13 HTTP/1.1" 200 None
DEBUG:urllib3.connectionpool:Starting new HTTPS connection (1): www.pff.com:443
DEBUG:urllib3.connectionpool:https://www.pff.com:443 "GET /api/scoreboard/ticker?league=nfl&season=2025&week=14 HTTP/1.1" 200 None
DEBUG:urllib3.connectionpool:Starting new HTTPS connection (1): www.pff.com:443
DEBUG:urllib3.connectionpool:https://www.pff.com:443 "GET /api/scoreboard/ticker?league=nfl&season=2025&week=15 HTTP/1.1" 200 None
DEBUG:urllib3.connectionpool:Starting new HTTPS connection (1): www.pff.com:443
DEBUG:urllib3.connectionpool:https://www.pff.com:443 "GET /api/scoreboard/ticker?league=nfl&season=2025&week=16 HTTP/1.1" 200 None
DEBUG:urllib3.connectionpool:Starting new HTTPS connection (1): www.pff.com:443
DEBUG:urllib3.connectionpool:https://www.pff.com:443 "GET /api/scoreboard/ticker?league=nfl&season=2025&week=17 HTTP/1.1" 200 None
INFO:root:Spread Info Created
INFO:root:Starting Picks
ERROR:root:Week 1: Error occurred - Execution failed on sql 'SELECT * FROM grades': no such table: grades
INFO:root:Done Making Picks
INFO:root:Backtesting
INFO:root:Starting Panda Picks
INFO:root:Dropping Tables
INFO:root:Creating Tables
INFO:root:Starting PFF Grades
INFO:root:Done PFF Grades
INFO:root:Starting Advanced Stats
INFO:root:Done Advanced Stats
INFO:root:Creating Spread Info
DEBUG:urllib3.connectionpool:Starting new HTTPS connection (1): www.pff.com:443
DEBUG:urllib3.connectionpool:https://www.pff.com:443 "GET /api/scoreboard/ticker?league=nfl&season=2025&week=1 HTTP/1.1" 200 None
DEBUG:urllib3.connectionpool:Starting new HTTPS connection (1): www.pff.com:443
DEBUG:urllib3.connectionpool:https://www.pff.com:443 "GET /api/scoreboard/ticker?league=nfl&season=2025&week=2 HTTP/1.1" 200 None
DEBUG:urllib3.connectionpool:Starting new HTTPS connection (1): www.pff.com:443
DEBUG:urllib3.connectionpool:https://www.pff.com:443 "GET /api/scoreboard/ticker?league=nfl&season=2025&week=3 HTTP/1.1" 200 None
DEBUG:urllib3.connectionpool:Starting new HTTPS connection (1): www.pff.com:443
DEBUG:urllib3.connectionpool:https://www.pff.com:443 "GET /api/scoreboard/ticker?league=nfl&season=2025&week=4 HTTP/1.1" 200 None
DEBUG:urllib3.connectionpool:Starting new HTTPS connection (1): www.pff.com:443
DEBUG:urllib3.connectionpool:https://www.pff.com:443 "GET /api/scoreboard/ticker?league=nfl&season=2025&week=5 HTTP/1.1" 200 None
DEBUG:urllib3.connectionpool:Starting new HTTPS connection (1): www.pff.com:443
DEBUG:urllib3.connectionpool:https://www.pff.com:443 "GET /api/scoreboard/ticker?league=nfl&season=2025&week=6 HTTP/1.1" 200 None
DEBUG:urllib3.connectionpool:Starting new HTTPS connection (1): www.pff.com:443
DEBUG:urllib3.connectionpool:https://www.pff.com:443 "GET /api/scoreboard/ticker?league=nfl&season=2025&week=7 HTTP/1.1" 200 None
DEBUG:urllib3.connectionpool:Starting new HTTPS connection (1): www.pff.com:443
DEBUG:urllib3.connectionpool:https://www.pff.com:443 "GET /api/scoreboard/ticker?league=nfl&season=2025&week=8 HTTP/1.1" 200 None
DEBUG:urllib3.connectionpool:Starting new HTTPS connection (1): www.pff.com:443
DEBUG:urllib3.connectionpool:https://www.pff.com:443 "GET /api/scoreboard/ticker?league=nfl&season=2025&week=9 HTTP/1.1" 200 None
DEBUG:urllib3.connectionpool:Starting new HTTPS connection (1): www.pff.com:443
DEBUG:urllib3.connectionpool:https://www.pff.com:443 "GET /api/scoreboard/ticker?league=nfl&season=2025&week=10 HTTP/1.1" 200 None
DEBUG:urllib3.connectionpool:Starting new HTTPS connection (1): www.pff.com:443
DEBUG:urllib3.connectionpool:https://www.pff.com:443 "GET /api/scoreboard/ticker?league=nfl&season=2025&week=11 HTTP/1.1" 200 None
DEBUG:urllib3.connectionpool:Starting new HTTPS connection (1): www.pff.com:443
DEBUG:urllib3.connectionpool:https://www.pff.com:443 "GET /api/scoreboard/ticker?league=nfl&season=2025&week=12 HTTP/1.1" 200 None
DEBUG:urllib3.connectionpool:Starting new HTTPS connection (1): www.pff.com:443
DEBUG:urllib3.connectionpool:https://www.pff.com:443 "GET /api/scoreboard/ticker?league=nfl&season=2025&week=13 HTTP/1.1" 200 None
DEBUG:urllib3.connectionpool:Starting new HTTPS connection (1): www.pff.com:443
DEBUG:urllib3.connectionpool:https://www.pff.com:443 "GET /api/scoreboard/ticker?league=nfl&season=2025&week=14 HTTP/1.1" 200 None
DEBUG:urllib3.connectionpool:Starting new HTTPS connection (1): www.pff.com:443
DEBUG:urllib3.connectionpool:https://www.pff.com:443 "GET /api/scoreboard/ticker?league=nfl&season=2025&week=15 HTTP/1.1" 200 None
DEBUG:urllib3.connectionpool:Starting new HTTPS connection (1): www.pff.com:443
DEBUG:urllib3.connectionpool:https://www.pff.com:443 "GET /api/scoreboard/ticker?league=nfl&season=2025&week=16 HTTP/1.1" 200 None
DEBUG:urllib3.connectionpool:Starting new HTTPS connection (1): www.pff.com:443
DEBUG:urllib3.connectionpool:https://www.pff.com:443 "GET /api/scoreboard/ticker?league=nfl&season=2025&week=17 HTTP/1.1" 200 None
INFO:root:Spread Info Created
INFO:root:Starting Picks
ERROR:root:Week 1: Error occurred - Execution failed on sql 'SELECT * FROM grades': no such table: grades
INFO:root:Done Making Picks
INFO:root:Backtesting
INFO:root:Starting Panda Picks
INFO:root:Dropping Tables
INFO:root:Creating Tables
INFO:root:Starting PFF Grades
INFO:root:Done PFF Grades
INFO:root:Starting Advanced Stats
INFO:root:Done Advanced Stats
INFO:root:Creating Spread Info
DEBUG:urllib3.connectionpool:Starting new HTTPS connection (1): www.pff.com:443
DEBUG:urllib3.connectionpool:https://www.pff.com:443 "GET /api/scoreboard/ticker?league=nfl&season=2025&week=1 HTTP/1.1" 200 None
DEBUG:urllib3.connectionpool:Starting new HTTPS connection (1): www.pff.com:443
DEBUG:urllib3.connectionpool:https://www.pff.com:443 "GET /api/scoreboard/ticker?league=nfl&season=2025&week=2 HTTP/1.1" 200 None
DEBUG:urllib3.connectionpool:Starting new HTTPS connection (1): www.pff.com:443
DEBUG:urllib3.connectionpool:https://www.pff.com:443 "GET /api/scoreboard/ticker?league=nfl&season=2025&week=3 HTTP/1.1" 200 None
DEBUG:urllib3.connectionpool:Starting new HTTPS connection (1): www.pff.com:443
DEBUG:urllib3.connectionpool:https://www.pff.com:443 "GET /api/scoreboard/ticker?league=nfl&season=2025&week=4 HTTP/1.1" 200 None
DEBUG:urllib3.connectionpool:Starting new HTTPS connection (1): www.pff.com:443
DEBUG:urllib3.connectionpool:https://www.pff.com:443 "GET /api/scoreboard/ticker?league=nfl&season=2025&week=5 HTTP/1.1" 200 None
DEBUG:urllib3.connectionpool:Starting new HTTPS connection (1): www.pff.com:443
DEBUG:urllib3.connectionpool:https://www.pff.com:443 "GET /api/scoreboard/ticker?league=nfl&season=2025&week=6 HTTP/1.1" 200 None
DEBUG:urllib3.connectionpool:Starting new HTTPS connection (1): www.pff.com:443
DEBUG:urllib3.connectionpool:https://www.pff.com:443 "GET /api/scoreboard/ticker?league=nfl&season=2025&week=7 HTTP/1.1" 200 None
DEBUG:urllib3.connectionpool:Starting new HTTPS connection (1): www.pff.com:443
DEBUG:urllib3.connectionpool:https://www.pff.com:443 "GET /api/scoreboard/ticker?league=nfl&season=2025&week=8 HTTP/1.1" 200 None
DEBUG:urllib3.connectionpool:Starting new HTTPS connection (1): www.pff.com:443
DEBUG:urllib3.connectionpool:https://www.pff.com:443 "GET /api/scoreboard/ticker?league=nfl&season=2025&week=9 HTTP/1.1" 200 None
DEBUG:urllib3.connectionpool:Starting new HTTPS connection (1): www.pff.com:443
DEBUG:urllib3.connectionpool:https://www.pff.com:443 "GET /api/scoreboard/ticker?league=nfl&season=2025&week=10 HTTP/1.1" 200 None
DEBUG:urllib3.connectionpool:Starting new HTTPS connection (1): www.pff.com:443
DEBUG:urllib3.connectionpool:https://www.pff.com:443 "GET /api/scoreboard/ticker?league=nfl&season=2025&week=11 HTTP/1.1" 200 None
DEBUG:urllib3.connectionpool:Starting new HTTPS connection (1): www.pff.com:443
DEBUG:urllib3.connectionpool:https://www.pff.com:443 "GET /api/scoreboard/ticker?league=nfl&season=2025&week=12 HTTP/1.1" 200 None
DEBUG:urllib3.connectionpool:Starting new HTTPS connection (1): www.pff.com:443
DEBUG:urllib3.connectionpool:https://www.pff.com:443 "GET /api/scoreboard/ticker?league=nfl&season=2025&week=13 HTTP/1.1" 200 None
DEBUG:urllib3.connectionpool:Starting new HTTPS connection (1): www.pff.com:443
DEBUG:urllib3.connectionpool:https://www.pff.com:443 "GET /api/scoreboard/ticker?league=nfl&season=2025&week=14 HTTP/1.1" 200 None
DEBUG:urllib3.connectionpool:Starting new HTTPS connection (1): www.pff.com:443
DEBUG:urllib3.connectionpool:https://www.pff.com:443 "GET /api/scoreboard/ticker?league=nfl&season=2025&week=15 HTTP/1.1" 200 None
DEBUG:urllib3.connectionpool:Starting new HTTPS connection (1): www.pff.com:443
DEBUG:urllib3.connectionpool:https://www.pff.com:443 "GET /api/scoreboard/ticker?league=nfl&season=2025&week=16 HTTP/1.1" 200 None
DEBUG:urllib3.connectionpool:Starting new HTTPS connection (1): www.pff.com:443
DEBUG:urllib3.connectionpool:https://www.pff.com:443 "GET /api/scoreboard/ticker?league=nfl&season=2025&week=17 HTTP/1.1" 200 None
INFO:root:Spread Info Created
INFO:root:Starting Picks
ERROR:root:Week 1: Error occurred - Execution failed on sql 'SELECT * FROM grades': no such table: grades
INFO:root:Done Making Picks
INFO:root:Backtesting
INFO:root:Starting Panda Picks
INFO:root:Dropping Tables
INFO:root:Creating Tables
INFO:root:Starting PFF Grades
INFO:root:Done PFF Grades
INFO:root:Starting Advanced Stats
INFO:root:Done Advanced Stats
INFO:root:Creating Spread Info
DEBUG:urllib3.connectionpool:Starting new HTTPS connection (1): www.pff.com:443
DEBUG:urllib3.connectionpool:https://www.pff.com:443 "GET /api/scoreboard/ticker?league=nfl&season=2025&week=1 HTTP/1.1" 200 None
DEBUG:urllib3.connectionpool:Starting new HTTPS connection (1): www.pff.com:443
DEBUG:urllib3.connectionpool:https://www.pff.com:443 "GET /api/scoreboard/ticker?league=nfl&season=2025&week=2 HTTP/1.1" 200 None
DEBUG:urllib3.connectionpool:Starting new HTTPS connection (1): www.pff.com:443
DEBUG:urllib3.connectionpool:https://www.pff.com:443 "GET /api/scoreboard/ticker?league=nfl&season=2025&week=3 HTTP/1.1" 200 None
DEBUG:urllib3.connectionpool:Starting new HTTPS connection (1): www.pff.com:443
DEBUG:urllib3.connectionpool:https://www.pff.com:443 "GET /api/scoreboard/ticker?league=nfl&season=2025&week=4 HTTP/1.1" 200 None
DEBUG:urllib3.connectionpool:Starting new HTTPS connection (1): www.pff.com:443
DEBUG:urllib3.connectionpool:https://www.pff.com:443 "GET /api/scoreboard/ticker?league=nfl&season=2025&week=5 HTTP/1.1" 200 None
DEBUG:urllib3.connectionpool:Starting new HTTPS connection (1): www.pff.com:443
DEBUG:urllib3.connectionpool:https://www.pff.com:443 "GET /api/scoreboard/ticker?league=nfl&season=2025&week=6 HTTP/1.1" 200 None
DEBUG:urllib3.connectionpool:Starting new HTTPS connection (1): www.pff.com:443
DEBUG:urllib3.connectionpool:https://www.pff.com:443 "GET /api/scoreboard/ticker?league=nfl&season=2025&week=7 HTTP/1.1" 200 None
DEBUG:urllib3.connectionpool:Starting new HTTPS connection (1): www.pff.com:443
DEBUG:urllib3.connectionpool:https://www.pff.com:443 "GET /api/scoreboard/ticker?league=nfl&season=2025&week=8 HTTP/1.1" 200 None
DEBUG:urllib3.connectionpool:Starting new HTTPS connection (1): www.pff.com:443
DEBUG:urllib3.connectionpool:https://www.pff.com:443 "GET /api/scoreboard/ticker?league=nfl&season=2025&week=9 HTTP/1.1" 200 None
DEBUG:urllib3.connectionpool:Starting new HTTPS connection (1): www.pff.com:443
DEBUG:urllib3.connectionpool:https://www.pff.com:443 "GET /api/scoreboard/ticker?league=nfl&season=2025&week=10 HTTP/1.1" 200 None
DEBUG:urllib3.connectionpool:Starting new HTTPS connection (1): www.pff.com:443
DEBUG:urllib3.connectionpool:https://www.pff.com:443 "GET /api/scoreboard/ticker?league=nfl&season=2025&week=11 HTTP/1.1" 200 None
DEBUG:urllib3.connectionpool:Starting new HTTPS connection (1): www.pff.com:443
DEBUG:urllib3.connectionpool:https://www.pff.com:443 "GET /api/scoreboard/ticker?league=nfl&season=2025&week=12 HTTP/1.1" 200 None
DEBUG:urllib3.connectionpool:Starting new HTTPS connection (1): www.pff.com:443
DEBUG:urllib3.connectionpool:https://www.pff.com:443 "GET /api/scoreboard/ticker?league=nfl&season=2025&week=13 HTTP/1.1" 200 None
DEBUG:urllib3.connectionpool:Starting new HTTPS connection (1): www.pff.com:443
DEBUG:urllib3.connectionpool:https://www.pff.com:443 "GET /api/scoreboard/ticker?league=nfl&season=2025&week=14 HTTP/1.1" 200 None
DEBUG:urllib3.connectionpool:Starting new HTTPS connection (1): www.pff.com:443
DEBUG:urllib3.connectionpool:https://www.pff.com:443 "GET /api/scoreboard/ticker?league=nfl&season=2025&week=15 HTTP/1.1" 200 None
DEBUG:urllib3.connectionpool:Starting new HTTPS connection (1): www.pff.com:443
DEBUG:urllib3.connectionpool:https://www.pff.com:443 "GET /api/scoreboard/ticker?league=nfl&season=2025&week=16 HTTP/1.1" 200 None
DEBUG:urllib3.connectionpool:Starting new HTTPS connection (1): www.pff.com:443
DEBUG:urllib3.connectionpool:https://www.pff.com:443 "GET /api/scoreboard/ticker?league=nfl&season=2025&week=17 HTTP/1.1" 200 None
INFO:root:Spread Info Created
INFO:root:Starting Picks
ERROR:root:Week 1: Error occurred - Execution failed on sql 'SELECT * FROM grades': no such table: grades
INFO:root:Done Making Picks
INFO:root:Backtesting
INFO:root:Starting Panda Picks
INFO:root:Dropping Tables
INFO:root:Creating Tables
INFO:root:Starting PFF Grades
INFO:root:Done PFF Grades
INFO:root:Starting Advanced Stats
INFO:root:Done Advanced Stats
INFO:root:Creating Spread Info
DEBUG:urllib3.connectionpool:Starting new HTTPS connection (1): www.pff.com:443
DEBUG:urllib3.connectionpool:https://www.pff.com:443 "GET /api/scoreboard/ticker?league=nfl&season=2025&week=1 HTTP/1.1" 200 None
DEBUG:urllib3.connectionpool:Starting new HTTPS connection (1): www.pff.com:443
DEBUG:urllib3.connectionpool:https://www.pff.com:443 "GET /api/scoreboard/ticker?league=nfl&season=2025&week=2 HTTP/1.1" 200 None
DEBUG:urllib3.connectionpool:Starting new HTTPS connection (1): www.pff.com:443
DEBUG:urllib3.connectionpool:https://www.pff.com:443 "GET /api/scoreboard/ticker?league=nfl&season=2025&week=3 HTTP/1.1" 200 None
DEBUG:urllib3.connectionpool:Starting new HTTPS connection (1): www.pff.com:443
DEBUG:urllib3.connectionpool:https://www.pff.com:443 "GET /api/scoreboard/ticker?league=nfl&season=2025&week=4 HTTP/1.1" 200 None
DEBUG:urllib3.connectionpool:Starting new HTTPS connection (1): www.pff.com:443
DEBUG:urllib3.connectionpool:https://www.pff.com:443 "GET /api/scoreboard/ticker?league=nfl&season=2025&week=5 HTTP/1.1" 200 None
DEBUG:urllib3.connectionpool:Starting new HTTPS connection (1): www.pff.com:443
DEBUG:urllib3.connectionpool:https://www.pff.com:443 "GET /api/scoreboard/ticker?league=nfl&season=2025&week=6 HTTP/1.1" 200 None
DEBUG:urllib3.connectionpool:Starting new HTTPS connection (1): www.pff.com:443
DEBUG:urllib3.connectionpool:https://www.pff.com:443 "GET /api/scoreboard/ticker?league=nfl&season=2025&week=7 HTTP/1.1" 200 None
DEBUG:urllib3.connectionpool:Starting new HTTPS connection (1): www.pff.com:443
DEBUG:urllib3.connectionpool:https://www.pff.com:443 "GET /api/scoreboard/ticker?league=nfl&season=2025&week=8 HTTP/1.1" 200 None
DEBUG:urllib3.connectionpool:Starting new HTTPS connection (1): www.pff.com:443
DEBUG:urllib3.connectionpool:https://www.pff.com:443 "GET /api/scoreboard/ticker?league=nfl&season=2025&week=9 HTTP/1.1" 200 None
DEBUG:urllib3.connectionpool:Starting new HTTPS connection (1): www.pff.com:443
DEBUG:urllib3.connectionpool:https://www.pff.com:443 "GET /api/scoreboard/ticker?league=nfl&season=2025&week=10 HTTP/1.1" 200 None
DEBUG:urllib3.connectionpool:Starting new HTTPS connection (1): www.pff.com:443
DEBUG:urllib3.connectionpool:https://www.pff.com:443 "GET /api/scoreboard/ticker?league=nfl&season=2025&week=11 HTTP/1.1" 200 None
DEBUG:urllib3.connectionpool:Starting new HTTPS connection (1): www.pff.com:443
DEBUG:urllib3.connectionpool:https://www.pff.com:443 "GET /api/scoreboard/ticker?league=nfl&season=2025&week=12 HTTP/1.1" 200 None
DEBUG:urllib3.connectionpool:Starting new HTTPS connection (1): www.pff.com:443
DEBUG:urllib3.connectionpool:https://www.pff.com:443 "GET /api/scoreboard/ticker?league=nfl&season=2025&week=13 HTTP/1.1" 200 None
DEBUG:urllib3.connectionpool:Starting new HTTPS connection (1): www.pff.com:443
DEBUG:urllib3.connectionpool:https://www.pff.com:443 "GET /api/scoreboard/ticker?league=nfl&season=2025&week=14 HTTP/1.1" 200 None
DEBUG:urllib3.connectionpool:Starting new HTTPS connection (1): www.pff.com:443
DEBUG:urllib3.connectionpool:https://www.pff.com:443 "GET /api/scoreboard/ticker?league=nfl&season=2025&week=15 HTTP/1.1" 200 None
DEBUG:urllib3.connectionpool:Starting new HTTPS connection (1): www.pff.com:443
DEBUG:urllib3.connectionpool:https://www.pff.com:443 "GET /api/scoreboard/ticker?league=nfl&season=2025&week=16 HTTP/1.1" 200 None
DEBUG:urllib3.connectionpool:Starting new HTTPS connection (1): www.pff.com:443
DEBUG:urllib3.connectionpool:https://www.pff.com:443 "GET /api/scoreboard/ticker?league=nfl&season=2025&week=17 HTTP/1.1" 200 None
INFO:root:Spread Info Created
INFO:root:Starting Picks
ERROR:root:Week 1: Error occurred - Execution failed on sql 'SELECT * FROM grades': no such table: grades
INFO:root:Done Making Picks
INFO:root:Backtesting
