2025-07-10 23:11:36,684 - PandaPicks - INFO - Starting Panda Picks pipeline
2025-07-10 23:11:36,684 - PandaPicks - INFO - Starting Team Grades Extraction...
2025-07-10 23:11:41,331 - PandaPicks - INFO - Completed Team Grades Extraction in 4.65 seconds
2025-07-10 23:11:41,331 - PandaPicks - INFO - Starting Matchup Data Scraping...
2025-07-10 23:11:47,417 - PandaPicks - INFO - Completed Matchup Data Scraping in 6.09 seconds
2025-07-10 23:11:47,417 - PandaPicks - INFO - Starting Game Picks Generation...
2025-07-10 23:11:47,565 - PandaPicks - INFO - Completed Game Picks Generation in 0.15 seconds
2025-07-10 23:11:47,566 - PandaPicks - INFO - Starting Spread Data Processing...
2025-07-10 23:11:47,578 - PandaPicks - INFO - Completed Spread Data Processing in 0.01 seconds
2025-07-10 23:11:47,578 - PandaPicks - INFO - Starting Backtesting...
2025-07-10 23:11:47,769 - PandaPicks - INFO - Completed Backtesting in 0.19 seconds
2025-07-10 23:11:47,769 - PandaPicks - INFO - Panda Picks pipeline completed successfully
2025-07-10 23:24:53,776 - PandaPicks - INFO - Starting Panda Picks pipeline for 2022 season, weeks 1-18
2025-07-10 23:24:53,776 - PandaPicks - INFO - Starting Team Grades Extraction...
2025-07-10 23:24:58,915 - PandaPicks - INFO - Completed Team Grades Extraction in 5.14 seconds
2025-07-10 23:24:58,915 - PandaPicks - INFO - Starting Matchup Data Scraping...
2025-07-10 23:25:06,522 - PandaPicks - INFO - Completed Matchup Data Scraping in 7.61 seconds
2025-07-10 23:25:06,522 - PandaPicks - INFO - Starting Game Picks Generation...
2025-07-10 23:25:06,538 - PandaPicks - INFO - Completed Game Picks Generation in 0.02 seconds
2025-07-10 23:25:06,538 - PandaPicks - INFO - Starting Spread Data Processing...
2025-07-10 23:25:06,549 - PandaPicks - INFO - Completed Spread Data Processing in 0.01 seconds
2025-07-10 23:25:06,550 - PandaPicks - INFO - Starting Backtesting...
2025-07-10 23:25:06,688 - PandaPicks - INFO - Completed Backtesting in 0.14 seconds
2025-07-10 23:25:06,688 - PandaPicks - INFO - Panda Picks pipeline completed successfully
2025-07-10 23:25:24,954 - PandaPicks - INFO - Starting Panda Picks pipeline for 2022 season, weeks 1-18
2025-07-10 23:25:24,954 - PandaPicks - INFO - Starting Team Grades Extraction...
2025-07-10 23:25:29,786 - PandaPicks - INFO - Completed Team Grades Extraction in 4.83 seconds
2025-07-10 23:25:29,786 - PandaPicks - INFO - Starting Matchup Data Scraping...
2025-07-10 23:25:35,978 - PandaPicks - INFO - Completed Matchup Data Scraping in 6.19 seconds
2025-07-10 23:25:35,978 - PandaPicks - INFO - Starting Game Picks Generation...
2025-07-10 23:25:35,992 - PandaPicks - INFO - Completed Game Picks Generation in 0.01 seconds
2025-07-10 23:25:35,992 - PandaPicks - INFO - Starting Spread Data Processing...
2025-07-10 23:25:36,003 - PandaPicks - INFO - Completed Spread Data Processing in 0.01 seconds
2025-07-10 23:25:36,003 - PandaPicks - INFO - Starting Backtesting...
2025-07-10 23:25:36,138 - PandaPicks - INFO - Completed Backtesting in 0.13 seconds
2025-07-10 23:25:36,138 - PandaPicks - INFO - Panda Picks pipeline completed successfully
